<?xml version="1.0" encoding="UTF-8"?>
<!-- Generated by org.testng.reporters.JUnitReportReporter -->
<testsuite skipped="0" hostname="LAPTOP-S56D0AUO" name="sanity.CalculatorDesktop" tests="1" failures="0" timestamp="2021-09-11T15:09:08 IDT" time="4.284" errors="0">
  <testcase name="test01_addTaskAndCheck" time="4.284" classname="sanity.CalculatorDesktop"/>
</testsuite> <!-- sanity.CalculatorDesktop -->
