<?xml version="1.0" encoding="UTF-8"?>
<!-- Generated by org.testng.reporters.JUnitReportReporter -->
<testsuite skipped="0" hostname="LAPTOP-S56D0AUO" name="sanity.GrafanaAPI" tests="4" failures="0" timestamp="2021-09-11T15:09:36 IDT" time="4.112" errors="0">
  <testcase name="test03_updateTeamAndVerification" time="0.202" classname="sanity.GrafanaAPI"/>
  <testcase name="test01_teamVerification" time="3.447" classname="sanity.GrafanaAPI"/>
  <testcase name="test04_deleteTeamAndVerification" time="0.169" classname="sanity.GrafanaAPI"/>
  <testcase name="test02_addTeamAndVerification" time="0.294" classname="sanity.GrafanaAPI"/>
</testsuite> <!-- sanity.GrafanaAPI -->
