<?xml version="1.0" encoding="UTF-8"?>
<!-- Generated by org.testng.reporters.JUnitReportReporter -->
<testsuite skipped="0" hostname="LAPTOP-S56D0AUO" name="sanity.ToDoListElectron" tests="2" failures="0" timestamp="2021-09-15T15:51:46 IDT" time="21.316" errors="0">
  <testcase name="test01_addTaskAndCheck" time="10.571" classname="sanity.ToDoListElectron"/>
  <testcase name="test02_addMoreTasksAndCheck" time="10.745" classname="sanity.ToDoListElectron"/>
</testsuite> <!-- sanity.ToDoListElectron -->
